<?xml version="1.0" encoding="UTF-8"?>
<!-- Generated by org.testng.reporters.JUnitReportReporter -->
<testsuite hostname="DESKTOP-FV8MKA2" failures="0" tests="1" name="ExtentReport.ExtentReportDemo" time="9.635" errors="0" timestamp="2024-09-21T11:11:23 IST" skipped="0">
  <testcase classname="ExtentReport.ExtentReportDemo" name="initialDemo" time="9.635"/>
  <system-out/>
</testsuite> <!-- ExtentReport.ExtentReportDemo -->
