<?xml version="1.0" encoding="UTF-8"?>
<!-- Generated by org.testng.reporters.JUnitReportReporter -->
<testsuite hostname="DESKTOP-FV8MKA2" failures="0" tests="1" name="BasePackage.Base" time="5.234" errors="0" timestamp="2024-09-21T11:22:34 IST" skipped="0">
  <testcase classname="BasePackage.Base" name="openBrowserAndEnterURL" time="5.234"/>
  <system-out/>
</testsuite> <!-- BasePackage.Base -->
